0 info it worked if it ends with ok
1 verbose cli [ 'D:\\Program Files\\nodejs\\\\node.exe',
1 verbose cli   'D:\\Program Files\\nodejs\\node_modules\\npm\\bin\\npm-cli.js',
1 verbose cli   'publish',
1 verbose cli   '-d' ]
2 info using npm@2.11.3
3 info using node@v0.12.7
4 verbose publish [ '.' ]
5 silly cache add args [ '.', null ]
6 verbose cache add spec .
7 silly cache add parsed spec { raw: '.',
7 silly cache add   scope: null,
7 silly cache add   name: null,
7 silly cache add   rawSpec: '.',
7 silly cache add   spec: 'D:\\node_modules\\lazy-doc',
7 silly cache add   type: 'directory' }
8 verbose addLocalDirectory C:\Users\v_muzhilong\AppData\Roaming\npm-cache\lazy-doc\0.0.3\package.tgz not in flight; packing
9 verbose tar pack [ 'C:\\Users\\v_muzhilong\\AppData\\Roaming\\npm-cache\\lazy-doc\\0.0.3\\package.tgz',
9 verbose tar pack   'D:\\node_modules\\lazy-doc' ]
10 verbose tarball C:\Users\v_muzhilong\AppData\Roaming\npm-cache\lazy-doc\0.0.3\package.tgz
11 verbose folder D:\node_modules\lazy-doc
12 info prepublish lazy-doc@0.0.3
13 verbose addLocalTarball adding from inside cache C:\Users\v_muzhilong\AppData\Roaming\npm-cache\lazy-doc\0.0.3\package.tgz
14 silly cache afterAdd lazy-doc@0.0.3
15 verbose afterAdd C:\Users\v_muzhilong\AppData\Roaming\npm-cache\lazy-doc\0.0.3\package\package.json not in flight; writing
16 verbose afterAdd C:\Users\v_muzhilong\AppData\Roaming\npm-cache\lazy-doc\0.0.3\package\package.json written
17 silly publish { name: 'lazy-doc',
17 silly publish   version: '0.0.3',
17 silly publish   description: '懒人文档生成工具',
17 silly publish   main: 'index.js',
17 silly publish   scripts: { test: 'node test/test.js' },
17 silly publish   keywords: [ 'doc', 'lazy-doc' ],
17 silly publish   author: { name: 'laomu1988@qq.com' },
17 silly publish   license: 'MIT',
17 silly publish   readme: '## // 配置内容\r\n```\nvar default_config = {\n    // 设置自动转换词汇，需要以@开始。例如参数 将被转换为\'参数\'\n    keys: {\n        \'author\': \'作者\',\n        \'description\': \'详细描述\',\n        \'detail\': \'细节\',\n        \'params\': \'参数列表\',\n        \'param\': \'参数\',\n        \'property\': \'属性\',\n        \'prototype\': \'原型\',\n        \'return\': \'返回值\'\n    },\n    keep: false,// 是否保留非注释部分\n    scopes: [\n        {\n            start: \'/**@\',\n            end: \'*/\'\n        },\n        {\n            start: \'<!--@\',\n            end: \'-->\'\n        }\n    ],\n    setTitle: function (title) {\n        return title ? \'## \' + title : \'\';\n    },\n    setDetail: function (detail) {\n        return detail ? \'```\\n\' + detail + \'\\n```\\n\' : \'\';\n    }\n};\n```\n\n## compile.extend  (target, from)  扩展属性，将from对象上的属性全部赋值给target（浅复制）\r\n```\n @target: 增加属性到哪个对象\n @form: 从哪个对象读取属性\n```\n\n## compile.compile  (source, config)  编译文件\n##  编译时使用到的临时对象\r\n```\n    var data = {\n        content: source, // 要拆分的内容\n        scope: null, // 正在解析的边界设置\n        config: config, //配置文件\n        block: \'\', //注释中要解析内容\n        start: 0, // 注释内容开始位置\n        end: 0, //注释内容结束位置\n        nextLine: \'\', // 下一行内容\n        title: \'\', // 解析后块内容标题\n        detail: \'\', // 解析后的块内容\n        out: \'\' // 解析后输出内容\n    };\n```\n\n##  编译某段注释块之前触发before_analysis事件\r\n```\n                compile.trigger(\'before_analysis\', data);\n```\n\n##  编译某段注释块之后触发analysis事件\r\n```\n                compile.trigger(\'analysis\', data);\n```\n\n## compile.analysis  (data) 解析注释内容（可以更改此函数修改替换规则）\n## compile.getNextLine  (source, nowPlace)  取得注释块结束后的下一行内容，用来补充注释块内容，比如函数名等 \n',
17 silly publish   readmeFilename: 'readme.md',
17 silly publish   gitHead: '98dabdb15c074513a7522833713c05a3bda84396',
17 silly publish   _id: 'lazy-doc@0.0.3',
17 silly publish   _shasum: 'e0307deca61fbbf23c918ae88e5bf5de28080690',
17 silly publish   _from: '.' }
18 verbose getPublishConfig undefined
19 silly mapToRegistry name lazy-doc
20 silly mapToRegistry using default registry
21 silly mapToRegistry registry https://registry.npmjs.org/
22 silly mapToRegistry uri https://registry.npmjs.org/lazy-doc
23 verbose publish registryBase https://registry.npmjs.org/
24 silly publish uploading C:\Users\v_muzhilong\AppData\Roaming\npm-cache\lazy-doc\0.0.3\package.tgz
25 verbose request uri https://registry.npmjs.org/lazy-doc
26 verbose request sending authorization for write operation
27 info attempt registry request try #1 at 20:40:34
28 verbose request using bearer token for auth
29 verbose request id 8e75e661c6ddf9c9
30 http request PUT https://registry.npmjs.org/lazy-doc
31 http 403 https://registry.npmjs.org/lazy-doc
32 verbose headers { 'content-type': 'application/json',
32 verbose headers   'cache-control': 'max-age=300',
32 verbose headers   'content-length': '95',
32 verbose headers   'accept-ranges': 'bytes',
32 verbose headers   date: 'Thu, 24 Dec 2015 12:40:35 GMT',
32 verbose headers   via: '1.1 varnish',
32 verbose headers   connection: 'keep-alive',
32 verbose headers   'x-served-by': 'cache-itm7421-ITM',
32 verbose headers   'x-cache': 'MISS',
32 verbose headers   'x-cache-hits': '0',
32 verbose headers   'x-timer': 'S1450960834.463342,VS0,VE640' }
33 verbose request invalidating C:\Users\v_muzhilong\AppData\Roaming\npm-cache\registry.npmjs.org\lazy-doc on PUT
34 error publish Failed PUT 403
35 verbose stack Error: "You cannot publish over the previously published version 0.0.3." : lazy-doc
35 verbose stack     at CachingRegistryClient.<anonymous> (D:\Program Files\nodejs\node_modules\npm\node_modules\npm-registry-client\lib\request.js:247:14)
35 verbose stack     at Request._callback (D:\Program Files\nodejs\node_modules\npm\node_modules\npm-registry-client\lib\request.js:170:14)
35 verbose stack     at Request.self.callback (D:\Program Files\nodejs\node_modules\npm\node_modules\request\request.js:354:22)
35 verbose stack     at Request.emit (events.js:110:17)
35 verbose stack     at Request.<anonymous> (D:\Program Files\nodejs\node_modules\npm\node_modules\request\request.js:1207:14)
35 verbose stack     at Request.emit (events.js:129:20)
35 verbose stack     at IncomingMessage.<anonymous> (D:\Program Files\nodejs\node_modules\npm\node_modules\request\request.js:1153:12)
35 verbose stack     at IncomingMessage.emit (events.js:129:20)
35 verbose stack     at _stream_readable.js:908:16
35 verbose stack     at process._tickCallback (node.js:355:11)
36 verbose statusCode 403
37 verbose pkgid lazy-doc
38 verbose cwd D:\node_modules\lazy-doc
39 error Windows_NT 6.1.7601
40 error argv "D:\\Program Files\\nodejs\\\\node.exe" "D:\\Program Files\\nodejs\\node_modules\\npm\\bin\\npm-cli.js" "publish" "-d"
41 error node v0.12.7
42 error npm  v2.11.3
43 error code E403
44 error "You cannot publish over the previously published version 0.0.3." : lazy-doc
45 error If you need help, you may report this error at:
45 error     <https://github.com/npm/npm/issues>
46 verbose exit [ 1, true ]
